Build started 7/18/2014 8:25:11 AM.
     1>Project "C:\Users\Josh\documents\visual studio 2010\Projects\RiftVirtualConference\RiftVirtualConference\RiftVirtualConference.vcxproj" on node 2 (build target(s)).
     1>InitializeBuildStatus:
         Touching "Debug\RiftVirtualConference.unsuccessfulbuild".
       ClCompile:
         c:\Program Files (x86)\Microsoft Visual Studio 10.0\VC\bin\CL.exe /c /IC:\Users\Josh\Documents\General\SATE\Oculus\ovr_sdk_win_0.2.5c\OculusSDK\LibOVR\Include /ZI /nologo /W3 /WX- /Od /Oy- /D WIN32 /D _DEBUG /D _CONSOLE /D _UNICODE /D UNICODE /Gm /EHsc /RTC1 /MDd /GS /fp:precise /Zc:wchar_t /Zc:forScope /Fo"Debug\\" /Fd"Debug\vc100.pdb" /Gd /TP /analyze- /errorReport:prompt RVC.cpp filter.cpp main.cpp
         main.cpp
         filter.cpp
     1>c:\users\josh\documents\visual studio 2010\projects\riftvirtualconference\riftvirtualconference\filter.cpp(35): warning C4244: 'initializing' : conversion from 'float' to 'int', possible loss of data
     1>c:\users\josh\documents\visual studio 2010\projects\riftvirtualconference\riftvirtualconference\filter.cpp(41): warning C4244: '=' : conversion from 'double' to 'float', possible loss of data
         Generating Code...
         Compiling...
         RVC.cpp
     1>c:\users\josh\documents\visual studio 2010\projects\riftvirtualconference\riftvirtualconference\rvc.cpp(138): warning C4244: '=' : conversion from 'double' to 'float', possible loss of data
         Generating Code...
       ManifestResourceCompile:
         All outputs are up-to-date.
       Link:
         c:\Program Files (x86)\Microsoft Visual Studio 10.0\VC\bin\link.exe /ERRORREPORT:PROMPT /OUT:"C:\Users\Josh\documents\visual studio 2010\Projects\RiftVirtualConference\Debug\RiftVirtualConference.exe" /INCREMENTAL /NOLOGO /LIBPATH:C:\Users\Josh\Documents\General\SATE\Oculus\ovr_sdk_win_0.2.5c\OculusSDK\LibOVR\Lib\Win32 kernel32.lib Winmm.lib libovrd.lib user32.lib gdi32.lib winspool.lib comdlg32.lib advapi32.lib shell32.lib ole32.lib oleaut32.lib uuid.lib odbc32.lib odbccp32.lib kernel32.lib user32.lib gdi32.lib winspool.lib comdlg32.lib advapi32.lib shell32.lib ole32.lib oleaut32.lib uuid.lib odbc32.lib odbccp32.lib /MANIFEST /ManifestFile:"Debug\RiftVirtualConference.exe.intermediate.manifest" /MANIFESTUAC:"level='asInvoker' uiAccess='false'" /DEBUG /PDB:"C:\Users\Josh\documents\visual studio 2010\Projects\RiftVirtualConference\Debug\RiftVirtualConference.pdb" /SUBSYSTEM:CONSOLE /TLBID:1 /DYNAMICBASE /NXCOMPAT /IMPLIB:"C:\Users\Josh\documents\visual studio 2010\Projects\RiftVirtualConference\Debug\RiftVirtualConference.lib" /MACHINE:X86 Debug\RiftVirtualConference.exe.embed.manifest.res
         Debug\filter.obj
         Debug\main.obj
         Debug\RVC.obj
       Manifest:
         C:\Program Files (x86)\Microsoft SDKs\Windows\v7.0A\bin\mt.exe /nologo /verbose /out:"Debug\RiftVirtualConference.exe.embed.manifest" /manifest Debug\RiftVirtualConference.exe.intermediate.manifest
         All outputs are up-to-date.
       LinkEmbedManifest:
         All outputs are up-to-date.
         RiftVirtualConference.vcxproj -> C:\Users\Josh\documents\visual studio 2010\Projects\RiftVirtualConference\Debug\RiftVirtualConference.exe
       FinalizeBuildStatus:
         Deleting file "Debug\RiftVirtualConference.unsuccessfulbuild".
         Touching "Debug\RiftVirtualConference.lastbuildstate".
     1>Done Building Project "C:\Users\Josh\documents\visual studio 2010\Projects\RiftVirtualConference\RiftVirtualConference\RiftVirtualConference.vcxproj" (build target(s)).

Build succeeded.

Time Elapsed 00:00:12.93
